<?xml version="1.0" encoding="UTF-8"?>
<!-- Generated by org.testng.reporters.JUnitReportReporter -->
<testsuite hostname="DESKTOP-F9RB9HE" name="com.qalabs.SeleniumTest.AppTest" tests="2" failures="0" timestamp="30 Jan 2018 06:22:12 GMT" time="2.757" errors="0">
  <testcase name="url" time="2.187" classname="com.qalabs.SeleniumTest.AppTest"/>
  <testcase name="login" time="0.570" classname="com.qalabs.SeleniumTest.AppTest"/>
</testsuite> <!-- com.qalabs.SeleniumTest.AppTest -->
